make[1]: вход в каталог «/home/fauxly/android_kernel_xiaomi_sm8475/out»
  GEN     Makefile
  HOSTCC  scripts/basic/fixdep
  UPD     include/config/kernel.release
  UPD     include/generated/utsrelease.h
  CALL    ../scripts/atomic/check-atomics.sh
  CALL    ../scripts/checksyscalls.sh
  CHK     include/generated/compile.h
  CC      init/version.o
  CC      kernel/sys.o
  CC      drivers/media/i2c/ir-kbd-i2c.o
  CC [M]  drivers/input/misc/aw86927_haptic/aw_haptic.o
  CC      drivers/media/mc/mc-device.o
  AR      drivers/media/tuners/built-in.a
  CC      drivers/input/misc/uinput.o
  CC      drivers/media/mc/mc-devnode.o
  AR      init/built-in.a
  CC      drivers/media/mc/mc-entity.o
  CC      drivers/media/mc/mc-request.o
  CC [M]  drivers/input/misc/pm8941-pwrkey.o
  CC      drivers/media/mc/mc-dev-allocator.o
  AR      drivers/media/i2c/built-in.a
  CC      drivers/media/v4l2-core/v4l2-dev.o
  CC [M]  drivers/input/misc/aw86927_haptic/ringbuffer.o
  CC [M]  drivers/input/misc/aw86927_haptic/aw86927.o
  CC      drivers/media/v4l2-core/v4l2-ioctl.o
  CC      drivers/media/v4l2-core/v4l2-device.o
  AR      drivers/input/misc/built-in.a
  CC      net/ethtool/ioctl.o
  CC      drivers/media/v4l2-core/v4l2-fh.o
  AR      drivers/ptp/built-in.a
  CC [M]  drivers/input/misc/aw86927_haptic/aw8697.o
  CC      drivers/power/reset/hisi-reboot.o
  CC [M]  drivers/power/reset/qcom-pon.o
  CC      drivers/media/v4l2-core/v4l2-event.o
  AR      drivers/media/mc/built-in.a
  CC      drivers/power/supply/power_supply_core.o
  CC      drivers/power/supply/power_supply_sysfs.o
  CC [M]  drivers/power/reset/reboot-mode.o
  CC      drivers/media/v4l2-core/v4l2-ctrls.o
  AR [M]  drivers/input/misc/aw86927_haptic/aw8697-haptic.o
  CC [M]  drivers/input/fingerprint/goodix_fod/gf_spi.o
  CC      drivers/power/supply/power_supply_leds.o
  AR      drivers/input/fingerprint/built-in.a
  CC      drivers/media/rc/rc-main.o
  AR      drivers/media/rc/keymaps/built-in.a
  AR      drivers/thermal/broadcom/built-in.a
  CC      drivers/watchdog/watchdog_core.o
  AR      drivers/thermal/samsung/built-in.a
  AR      drivers/thermal/intel/built-in.a
  AR      drivers/thermal/st/built-in.a
  CC      drivers/md/dm-uevent.o
  AR      drivers/thermal/tegra/built-in.a
  CC      drivers/bluetooth/hci_ldisc.o
  AR      drivers/power/supply/built-in.a
  CC      drivers/edac/edac_mc.o
  CC [M]  drivers/thermal/qcom/tsens.o
  CC [M]  drivers/input/fingerprint/goodix_fod/platform.o
  AR      drivers/power/reset/built-in.a
  AR      drivers/power/built-in.a
  CC      drivers/watchdog/watchdog_dev.o
  CC      drivers/bluetooth/hci_serdev.o
  CC [M]  drivers/thermal/qcom/tsens-v2.o
  CC [M]  drivers/thermal/qcom/tsens-v1.o
  CC      drivers/media/v4l2-core/v4l2-subdev.o
  CC      drivers/media/rc/rc-ir-raw.o
  CC [M]  drivers/input/fingerprint/goodix_fod/netlink.o
  CC      drivers/media/v4l2-core/v4l2-clk.o
  CC [M]  drivers/thermal/qcom/tsens-v0_1.o
  CC      drivers/edac/edac_device.o
  CC      drivers/md/dm.o
  AR      drivers/watchdog/built-in.a
  CC [M]  drivers/thermal/qcom/tsens-8960.o
  CC      drivers/edac/edac_mc_sysfs.o
  CC [M]  drivers/thermal/qcom/qcom-spmi-temp-alarm.o
  AR [M]  drivers/input/fingerprint/goodix_fod/goodix_fod.o
  CC      drivers/bluetooth/hci_h4.o
  CC      drivers/media/v4l2-core/v4l2-async.o
  CC      drivers/media/v4l2-core/v4l2-common.o
  CC      drivers/media/rc/lirc_dev.o
  CC      kernel/module.o
  AR [M]  drivers/thermal/qcom/qcom_tsens.o
  CC [M]  drivers/input/touchscreen/fts_spi/fts.o
  CC      drivers/media/v4l2-core/v4l2-compat-ioctl32.o
  CC      drivers/thermal/thermal_core.o
  CC      drivers/thermal/thermal_sysfs.o
  CC      drivers/edac/edac_module.o
  CC      drivers/bluetooth/hci_ll.o
  AR      net/ethtool/built-in.a
  CC      drivers/media/v4l2-core/v4l2-trace.o
  CC      drivers/thermal/thermal_helpers.o
  CC      drivers/md/dm-table.o
  CC      drivers/media/v4l2-core/v4l2-mc.o
  CC      drivers/media/rc/keymaps/rc-cec.o
  CC      drivers/opp/core.o
  CC      drivers/thermal/thermal_netlink.o
  CC      drivers/thermal/thermal_of.o
  CC      drivers/thermal/gov_step_wise.o
  CC      drivers/media/rc/bpf-lirc.o
  CC      drivers/edac/edac_device_sysfs.o
  CC      drivers/bluetooth/hci_bcm.o
  CC      drivers/media/v4l2-core/v4l2-spi.o
  CC      drivers/thermal/gov_user_space.o
  CC      drivers/edac/wq.o
  CC      drivers/media/v4l2-core/v4l2-i2c.o
  CC [M]  drivers/media/rc/ir-spi.o
  CC      drivers/cpufreq/cpufreq.o
  CC      drivers/thermal/gov_power_allocator.o
  CC      drivers/media/v4l2-core/v4l2-dv-timings.o
  CC      drivers/md/dm-target.o
  CC      drivers/cpufreq/freq_table.o
  CC      drivers/bluetooth/hci_qca.o
  CC      drivers/opp/cpu.o
  AR      drivers/media/rc/built-in.a
  CC      drivers/thermal/cpufreq_cooling.o
  CC      drivers/media/cec/core/cec-core.o
  AR [M]  drivers/input/touchscreen/fts_spi/fts_touch_spi.o
  CC      drivers/edac/edac_pci.o
  CC      drivers/edac/edac_pci_sysfs.o
  CC      drivers/media/v4l2-core/v4l2-mem2mem.o
  CC      drivers/input/input.o
  CC      drivers/opp/of.o
  CC      drivers/cpufreq/cpufreq_stats.o
  CHK     kernel/kheaders_data.tar.xz
  CC      drivers/bluetooth/btsdio.o
  CC      drivers/bluetooth/btbcm.o
  CC      drivers/thermal/devfreq_cooling.o
  CC      drivers/input/input-compat.o
  GEN     kernel/kheaders_data.tar.xz
  CC      drivers/media/cec/core/cec-adap.o
  CC      drivers/cpufreq/cpufreq_times.o
  CC      drivers/md/dm-linear.o
  CC      drivers/opp/debugfs.o
  CC      drivers/bluetooth/btqca.o
  CC      drivers/thermal/hisi_thermal.o
  CC [M]  drivers/edac/qcom_edac.o
  CC      drivers/cpufreq/cpufreq_performance.o
  CC      drivers/input/input-mt.o
  AR      drivers/opp/built-in.a
  AR      drivers/media/cec/i2c/built-in.a
  CC      drivers/md/dm-stripe.o
  CC      drivers/md/dm-ioctl.o
  AR      drivers/media/v4l2-core/built-in.a
  CC      drivers/cpuidle/cpuidle.o
  CC      drivers/cpuidle/governors/menu.o
  CC      drivers/cpufreq/cpufreq_powersave.o
  AR      drivers/media/common/b2c2/built-in.a
  AR      drivers/thermal/built-in.a
  AR      drivers/media/common/saa7146/built-in.a
  AR      drivers/edac/built-in.a
  CC      drivers/input/input-poller.o
  CC      drivers/cpufreq/cpufreq_conservative.o
  AR      drivers/media/common/siano/built-in.a
  AR      drivers/media/common/v4l2-tpg/built-in.a
  CC      drivers/cpufreq/cpufreq_governor.o
  CC      drivers/cpuidle/governors/teo.o
  CC      drivers/cpufreq/cpufreq_governor_attr_set.o
  CC      drivers/media/common/videobuf2/videobuf2-core.o
  CC      drivers/media/cec/core/cec-api.o
  CC      drivers/input/ff-core.o
  CC      drivers/cpuidle/driver.o
  CC      drivers/input/ff-memless.o
  CC      drivers/media/cec/core/cec-notifier.o
  AR      drivers/cpuidle/governors/built-in.a
  CC      drivers/cpufreq/scmi-cpufreq.o
  CC      drivers/input/input-leds.o
  AR      drivers/bluetooth/built-in.a
  CC      drivers/media/cec/core/cec-pin.o
  CC      drivers/cpufreq/scpi-cpufreq.o
  CC [M]  drivers/cpufreq/qcom-cpufreq-hw.o
  CC      drivers/mmc/core/core.o
  CC      drivers/md/dm-io.o
  CC      drivers/md/dm-kcopyd.o
  CC      drivers/cpuidle/governor.o
  CC      drivers/input/evdev.o
  CC      drivers/mmc/core/bus.o
  CC      drivers/mmc/core/host.o
  CC      drivers/cpuidle/sysfs.o
  CC      drivers/media/common/videobuf2/vb2-trace.o
  AR      drivers/cpufreq/built-in.a
  CC      drivers/leds/trigger/ledtrig-timer.o
  CC      drivers/leds/trigger/ledtrig-transient.o
  AR      net/built-in.a
  CC      drivers/leds/led-core.o
  AR      drivers/input/built-in.a
  CC      drivers/md/dm-sysfs.o
  CC      drivers/mmc/core/mmc.o
  CC      drivers/leds/led-class.o
  AR      drivers/leds/trigger/built-in.a
  CC      drivers/md/dm-stats.o
  CC      drivers/cpuidle/dt_idle_states.o
  AR      drivers/media/cec/core/built-in.a
  AR      drivers/media/cec/platform/built-in.a
  AR      drivers/media/cec/usb/built-in.a
  AR      drivers/media/cec/built-in.a
  CC      drivers/md/dm-rq.o
  AR      drivers/media/platform/ti-vpe/built-in.a
  AR      drivers/media/pci/ttpci/built-in.a
  CC      drivers/md/dm-builtin.o
  AR      drivers/media/platform/stm32/built-in.a
  AR      drivers/media/pci/b2c2/built-in.a
  CC      drivers/cpuidle/cpuidle-arm.o
  AR      drivers/media/usb/ttusb-budget/built-in.a
  CC      drivers/mmc/core/mmc_ops.o
  AR      drivers/media/usb/ttusb-dec/built-in.a
  CC      drivers/mmc/core/sd.o
  AR      drivers/media/pci/pluto2/built-in.a
  AR      drivers/media/usb/dvb-usb/built-in.a
  AR      drivers/media/pci/dm1105/built-in.a
  AR      drivers/media/usb/dvb-usb-v2/built-in.a
  AR      drivers/media/platform/davinci/built-in.a
  AR      drivers/media/pci/pt1/built-in.a
  AR      drivers/media/usb/siano/built-in.a
  AR      drivers/media/platform/omap/built-in.a
  AR      drivers/media/pci/pt3/built-in.a
  AR      drivers/media/pci/mantis/built-in.a
  AR      drivers/media/usb/b2c2/built-in.a
  CC      drivers/mmc/core/sd_ops.o
  CC      drivers/leds/led-class-flash.o
  CC      drivers/media/common/videobuf2/videobuf2-v4l2.o
  AR      drivers/media/pci/ngene/built-in.a
  AR      drivers/media/platform/sunxi/sun4i-csi/built-in.a
  AR      drivers/media/usb/zr364xx/built-in.a
  AR      drivers/media/platform/sunxi/sun6i-csi/built-in.a
  CC      drivers/media/common/videobuf2/videobuf2-memops.o
  AR      drivers/media/pci/ddbridge/built-in.a
  AR      drivers/media/usb/stkwebcam/built-in.a
  AR      drivers/media/platform/sunxi/sun8i-di/built-in.a
  CC      drivers/cpuidle/cpuidle-psci.o
  AR      drivers/media/usb/s2255/built-in.a
  CC      drivers/media/usb/uvc/uvc_driver.o
  AR      drivers/media/platform/sunxi/sun8i-rotate/built-in.a
  AR      drivers/media/pci/saa7146/built-in.a
  AR      drivers/media/pci/smipcie/built-in.a
  CC      drivers/cpuidle/cpuidle-psci-domain.o
  AR      drivers/media/platform/sunxi/built-in.a
  CC      drivers/mmc/core/sdio.o
  AR      drivers/media/pci/netup_unidvb/built-in.a
  AR      drivers/media/pci/intel/ipu3/built-in.a
  AR      drivers/media/platform/built-in.a
  AR      drivers/media/pci/intel/built-in.a
  CC      drivers/firmware/arm_scmi/bus.o
  CC      drivers/md/dm-bufio.o
  AR      drivers/media/pci/built-in.a
  CC      drivers/media/usb/uvc/uvc_queue.o
  AR      drivers/media/mmc/siano/built-in.a
  CC      drivers/mmc/core/sdio_ops.o
  AR      drivers/media/mmc/built-in.a
  CC      drivers/leds/led-class-multicolor.o
  CC      drivers/mmc/core/sdio_bus.o
  CC      drivers/mmc/core/sdio_cis.o
  CC      drivers/mmc/core/sdio_io.o
  AR      drivers/cpuidle/built-in.a
  CC      drivers/md/dm-crypt.o
  CC      drivers/mmc/core/sdio_irq.o
  AR      drivers/crypto/allwinner/built-in.a
  AR      drivers/crypto/hisilicon/built-in.a
  CC      drivers/media/common/videobuf2/videobuf2-vmalloc.o
  AR      drivers/crypto/built-in.a
  CC      drivers/clocksource/timer-of.o
  CC      drivers/media/usb/uvc/uvc_v4l2.o
  CC      drivers/clocksource/timer-probe.o
  CC      drivers/mmc/core/slot-gpio.o
  CC      drivers/firmware/arm_scmi/driver.o
  AR      drivers/media/firewire/built-in.a
  AR      drivers/media/spi/built-in.a
  CC      drivers/leds/led-triggers.o
  CC      drivers/hid/usbhid/hid-core.o
  CC      drivers/md/dm-default-key.o
  CC      drivers/hid/usbhid/hiddev.o
  CC      drivers/media/usb/uvc/uvc_video.o
  CC      drivers/firmware/arm_scmi/notify.o
  CC      drivers/md/dm-snap.o
  CC      drivers/firmware/arm_scmi/base.o
  CC      drivers/mmc/core/regulator.o
  CC      drivers/clocksource/mmio.o
  CC      drivers/media/common/videobuf2/videobuf2-dma-contig.o
  CC      drivers/clocksource/timer-sun4i.o
  CC      drivers/md/dm-exception-store.o
  CC      drivers/media/usb/uvc/uvc_ctrl.o
  CC      drivers/firmware/arm_scmi/clock.o
  AR      drivers/leds/built-in.a
  CC      drivers/md/dm-snap-transient.o
  AR      drivers/hid/usbhid/built-in.a
  CC      drivers/media/usb/uvc/uvc_status.o
  CC      drivers/hid/hid-core.o
  CC      drivers/of/base.o
  CC      drivers/clocksource/timer-mediatek.o
  CC      drivers/firmware/arm_scmi/perf.o
  CC      drivers/clocksource/timer-sprd.o
  CC      drivers/md/dm-snap-persistent.o
  CC      drivers/vhost/vsock.o
  CC      drivers/vhost/vhost.o
  CC      drivers/media/usb/uvc/uvc_isight.o
  CC      drivers/clocksource/arm_arch_timer.o
  CC      drivers/md/dm-verity-fec.o
  CC      drivers/vhost/iotlb.o
  AR      drivers/media/common/videobuf2/built-in.a
  CC      drivers/mmc/core/pwrseq.o
  CC      drivers/firmware/arm_scmi/power.o
  CC      drivers/clocksource/timer-sp804.o
  AR      drivers/media/common/built-in.a
  CC      drivers/of/device.o
  CC      drivers/md/dm-verity-target.o
  AR      drivers/media/test-drivers/built-in.a
  CC      drivers/md/dm-bow.o
  CC      drivers/media/usb/uvc/uvc_debugfs.o
  CC      drivers/hid/hid-input.o
  CC      drivers/hid/hid-quirks.o
  CC      drivers/firmware/arm_scmi/reset.o
  CC      drivers/firmware/arm_scmi/sensors.o
  CC      drivers/mmc/core/debugfs.o
  CC      drivers/clocksource/dummy_timer.o
  CC      drivers/firmware/arm_scmi/system.o
  CC      drivers/md/dm-user.o
  CC      drivers/mmc/core/crypto.o
  CC      drivers/media/usb/uvc/uvc_metadata.o
  CC      drivers/firmware/arm_scmi/voltage.o
  AR      drivers/clocksource/built-in.a
  CC      drivers/mmc/host/sdhci.o
  AR      drivers/media/radio/built-in.a
  AR      drivers/vhost/built-in.a
  CC      drivers/media/usb/uvc/uvc_entity.o
  AR      drivers/staging/media/built-in.a
  CC      drivers/hid/hid-debug.o
  CC      drivers/hid/hidraw.o
  CC      drivers/mmc/core/block.o
  AR      drivers/staging/iio/accel/built-in.a
  CC      drivers/of/platform.o
  AR      drivers/staging/iio/adc/built-in.a
  CC      drivers/firmware/arm_scmi/shmem.o
  AR      drivers/platform/built-in.a
  CC      drivers/of/property.o
  AR      drivers/staging/iio/addac/built-in.a
  CC      drivers/of/kobj.o
  AR      drivers/staging/iio/cdc/built-in.a
  AR      drivers/staging/iio/frequency/built-in.a
  AR      drivers/staging/iio/impedance-analyzer/built-in.a
  AR      drivers/staging/iio/meter/built-in.a
  CC      drivers/hid/uhid.o
  AR      drivers/md/built-in.a
  AR      drivers/staging/iio/resolver/built-in.a
  AR      drivers/media/usb/uvc/built-in.a
  CC      drivers/firmware/arm_scmi/mailbox.o
  CC      drivers/media/usb/gspca/gspca.o
  CC      drivers/media/usb/gspca/autogain_functions.o
  CC      drivers/mailbox/mailbox.o
  CC      drivers/hwspinlock/hwspinlock_core.o
  AR      drivers/staging/iio/built-in.a
  CC      drivers/mmc/core/queue.o
  AR      drivers/staging/android/ion/heaps/built-in.a
  CC      drivers/mailbox/hi3660-mailbox.o
  AR      drivers/staging/android/ion/built-in.a
  CC      drivers/staging/android/ashmem.o
  CC      drivers/of/fdt.o
  CC      drivers/firmware/arm_scmi/smc.o
  CC      drivers/hid/hid-generic.o
  CC      drivers/of/fdt_address.o
  CC      drivers/mailbox/hi6220-mailbox.o
  CC      drivers/mmc/host/sdhci-pltfm.o
  CC [M]  drivers/mmc/host/sdhci-msm.o
  CC      drivers/hid/hid-apple.o
  CC      drivers/of/address.o
  CC [M]  drivers/hwspinlock/qcom_hwspinlock.o
  AR      drivers/firmware/arm_scmi/built-in.a
  CC      drivers/of/irq.o
  AR      drivers/firmware/broadcom/built-in.a
  CC      drivers/staging/android/debug_kinfo.o
  AR      drivers/firmware/meson/built-in.a
  CC      drivers/mailbox/sun6i-msgbox.o
  CC      drivers/hid/hid-betopff.o
  AR      drivers/media/usb/gspca/built-in.a
  CC      drivers/of/of_net.o
  AR      drivers/hwspinlock/built-in.a
  CC [M]  drivers/mmc/host/cqhci-core.o
  CC      drivers/firmware/efi/libstub/efi-stub-helper.o
  CC      drivers/remoteproc/remoteproc_core.o
  CC      drivers/remoteproc/remoteproc_coredump.o
  AR      drivers/media/usb/built-in.a
  AR      drivers/mmc/core/built-in.a
  CC      drivers/remoteproc/remoteproc_debugfs.o
  AR      drivers/staging/android/built-in.a
  AR      drivers/staging/hikey9xx/built-in.a
  AR      drivers/media/built-in.a
  CC      drivers/hid/hid-elecom.o
  AR      drivers/mailbox/built-in.a
  CC      drivers/hid/hid-lg.o
  CC      drivers/hid/hid-lg-g15.o
  AR      drivers/staging/built-in.a
  CC      drivers/hid/hid-logitech-dj.o
  CC      drivers/hid/hid-logitech-hidpp.o
  CC      drivers/firmware/efi/libstub/gop.o
  CC      drivers/firmware/efi/libstub/secureboot.o
  CC      drivers/firmware/efi/efi.o
  CC      drivers/remoteproc/remoteproc_sysfs.o
  CC      drivers/remoteproc/remoteproc_virtio.o
  CC      drivers/remoteproc/remoteproc_elf_loader.o
  CC      drivers/remoteproc/remoteproc_cdev.o
  CC      drivers/firmware/efi/vars.o
  CC      drivers/rpmsg/rpmsg_core.o
  CC      drivers/hid/hid-magicmouse.o
  CC      drivers/hid/hid-microsoft.o
  CC      drivers/hid/hid-multitouch.o
  CC [M]  drivers/mmc/host/cqhci-crypto.o
  CC      drivers/firmware/efi/libstub/tpm.o
  CC [M]  drivers/remoteproc/qcom_pil_info.o
  CC [M]  drivers/remoteproc/qcom_common.o
  CC      drivers/of/of_reserved_mem.o
  CC      drivers/hid/hid-nintendo.o
  CC      drivers/hid/hid-prodikeys.o
  CC      drivers/hid/hid-picolcd_core.o
  CC [M]  drivers/remoteproc/qcom_q6v5.o
  CC      drivers/firmware/efi/libstub/file.o
  CC [M]  drivers/remoteproc/qcom_q6v5_pas.o
  AR      drivers/mmc/host/built-in.a
  AR [M]  drivers/mmc/host/cqhci.o
  CC      drivers/hid/hid-picolcd_debugfs.o
  AR      drivers/mmc/built-in.a
  CC      drivers/firmware/efi/libstub/mem.o
  CC      drivers/rpmsg/rpmsg_char.o
  CC [M]  drivers/remoteproc/qcom_sysmon.o
  CC [M]  drivers/rpmsg/qcom_glink_native.o
  CC      drivers/firmware/efi/reboot.o
  CC [M]  drivers/rpmsg/qcom_glink_ssr.o
  CC [M]  drivers/rpmsg/qcom_glink_smem.o
  CC [M]  drivers/rpmsg/qcom_smd.o
  CC      drivers/hid/hid-plantronics.o
  CC      drivers/firmware/efi/libstub/random.o
  AR      drivers/remoteproc/built-in.a
  CC      drivers/firmware/efi/libstub/randomalloc.o
  CC      drivers/firmware/efi/libstub/pci.o
  AR      drivers/rpmsg/built-in.a
  CC      drivers/firmware/efi/libstub/skip_spaces.o
  AR      drivers/of/built-in.a
  CC      drivers/firmware/efi/libstub/lib-cmdline.o
  CC      drivers/hid/hid-playstation.o
  CC      drivers/hid/hid-roccat.o
  AR      drivers/virt/vboxguest/built-in.a
  AR      drivers/firmware/imx/built-in.a
  CC      drivers/firmware/efi/libstub/lib-ctype.o
  AR      drivers/virt/built-in.a
  CC      drivers/firmware/efi/libstub/alignedmem.o
  CC      drivers/firmware/psci/psci.o
  CC      drivers/firmware/smccc/smccc.o
  AR      drivers/devfreq/event/built-in.a
  CC      drivers/devfreq/devfreq.o
  CC      drivers/firmware/smccc/soc_id.o
  CC      drivers/firmware/efi/libstub/relocate.o
  CC      drivers/hid/hid-roccat-common.o
  CC      drivers/firmware/efi/libstub/vsprintf.o
  CC      drivers/firmware/efi/libstub/efi-stub.o
  CC      drivers/firmware/efi/libstub/fdt.o
  CC      drivers/firmware/efi/libstub/string.o
  CC      drivers/firmware/efi/libstub/lib-fdt_rw.o
  CC      drivers/hid/hid-roccat-arvo.o
  AR [M]  drivers/rpmsg/qcom_glink.o
  CC      drivers/hid/hid-roccat-isku.o
  CC      drivers/firmware/efi/libstub/lib-fdt_ro.o
  CC      drivers/firmware/efi/libstub/lib-fdt_wip.o
  AR      drivers/firmware/smccc/built-in.a
  CC      drivers/extcon/extcon.o
  CC      drivers/hid/hid-roccat-kone.o
  AR      drivers/firmware/psci/built-in.a
  CC      drivers/firmware/efi/memattr.o
  CC      drivers/firmware/efi/libstub/lib-fdt.o
  AR      drivers/firmware/tegra/built-in.a
  CC      drivers/firmware/efi/libstub/lib-fdt_empty_tree.o
  AR      drivers/firmware/xilinx/built-in.a
  CC      drivers/firmware/efi/libstub/lib-fdt_sw.o
  CC      drivers/hid/hid-roccat-koneplus.o
  CC      drivers/firmware/efi/libstub/arm64-stub.o
  CC      drivers/devfreq/devfreq-event.o
  STUBCPY drivers/firmware/efi/libstub/alignedmem.stub.o
  STUBCPY drivers/firmware/efi/libstub/efi-stub-helper.stub.o
  STUBCPY drivers/firmware/efi/libstub/efi-stub.stub.o
  STUBCPY drivers/firmware/efi/libstub/fdt.stub.o
  STUBCPY drivers/firmware/efi/libstub/file.stub.o
  CC      drivers/hid/hid-roccat-konepure.o
  STUBCPY drivers/firmware/efi/libstub/gop.stub.o
  CC      kernel/trace/trace.o
  STUBCPY drivers/firmware/efi/libstub/lib-cmdline.stub.o
  CC      drivers/hid/hid-roccat-kovaplus.o
  CC      drivers/firmware/arm_scpi.o
  CC      drivers/extcon/devres.o
  CC [M]  drivers/firmware/qcom_scm.o
  CC [M]  drivers/firmware/qcom_scm-smc.o
  CC [M]  drivers/firmware/qcom_scm-legacy.o
  STUBCPY drivers/firmware/efi/libstub/lib-ctype.stub.o
  CC      drivers/hid/hid-roccat-lua.o
  STUBCPY drivers/firmware/efi/libstub/lib-fdt.stub.o
  STUBCPY drivers/firmware/efi/libstub/lib-fdt_empty_tree.stub.o
  STUBCPY drivers/firmware/efi/libstub/lib-fdt_ro.stub.o
  STUBCPY drivers/firmware/efi/libstub/lib-fdt_rw.stub.o
  STUBCPY drivers/firmware/efi/libstub/lib-fdt_sw.stub.o
  CC      drivers/hid/hid-roccat-pyra.o
  CC      drivers/firmware/efi/tpm.o
  STUBCPY drivers/firmware/efi/libstub/lib-fdt_wip.stub.o
  STUBCPY drivers/firmware/efi/libstub/mem.stub.o
  CC      drivers/firmware/efi/capsule.o
  STUBCPY drivers/firmware/efi/libstub/pci.stub.o
  STUBCPY drivers/firmware/efi/libstub/random.stub.o
  STUBCPY drivers/firmware/efi/libstub/randomalloc.stub.o
  STUBCPY drivers/firmware/efi/libstub/relocate.stub.o
  STUBCPY drivers/firmware/efi/libstub/secureboot.stub.o
  CC      drivers/firmware/efi/memmap.o
  STUBCPY drivers/firmware/efi/libstub/skip_spaces.stub.o
  STUBCPY drivers/firmware/efi/libstub/string.stub.o
  STUBCPY drivers/firmware/efi/libstub/tpm.stub.o
  CC      drivers/devfreq/governor_simpleondemand.o
  STUBCPY drivers/firmware/efi/libstub/vsprintf.stub.o
  STUBCPY drivers/firmware/efi/libstub/arm64-stub.stub.o
  CC      drivers/devfreq/governor_performance.o
  AR      drivers/extcon/built-in.a
  CC      drivers/devfreq/governor_powersave.o
  CC      drivers/devfreq/governor_userspace.o
  AR      drivers/iio/accel/built-in.a
  CC      drivers/hid/hid-roccat-ryos.o
  AR      drivers/iio/adc/built-in.a
  CC [M]  drivers/iio/adc/qcom-spmi-adc5.o
  AR      drivers/firmware/efi/libstub/lib.a
  CC      drivers/firmware/efi/fdtparams.o
  AR      drivers/iio/addac/built-in.a
  CC      drivers/devfreq/governor_passive.o
  CC      drivers/firmware/efi/esrt.o
  AR      drivers/iio/afe/built-in.a
  CC      drivers/hid/hid-roccat-savu.o
  CC      drivers/firmware/efi/efi-pstore.o
  AR      drivers/iio/amplifiers/built-in.a
  AR      drivers/iio/buffer/built-in.a
  CC      drivers/hid/hid-sony.o
  AR      drivers/iio/chemical/built-in.a
  AR [M]  drivers/firmware/qcom-scm.o
  AR      drivers/iio/dac/built-in.a
  AR      drivers/iio/common/cros_ec_sensors/built-in.a
  AR      drivers/iio/common/hid-sensors/built-in.a
  AR      drivers/iio/dummy/built-in.a
  CC [M]  drivers/iio/adc/qcom-vadc-common.o
  AR      drivers/iio/gyro/built-in.a
  AR      drivers/iio/common/ms_sensors/built-in.a
  AR      drivers/iio/health/built-in.a
  AR      drivers/iio/frequency/built-in.a
  AR      drivers/iio/humidity/built-in.a
  AR      drivers/devfreq/built-in.a
  AR      drivers/iio/common/ssp_sensors/built-in.a
  AR      drivers/iio/common/st_sensors/built-in.a
  CC      drivers/firmware/efi/runtime-wrappers.o
  CC      drivers/powercap/dtpm.o
  AR      drivers/iio/light/built-in.a
  CC      drivers/perf/arm_pmu.o
  AR      drivers/iio/imu/bmi160/built-in.a
  CC      drivers/hid/hid-steam.o
  CC      drivers/hid/hid-uclogic-core.o
  CC      drivers/perf/arm_pmu_platform.o
  AR      drivers/iio/imu/inv_icm42600/built-in.a
  AR      drivers/iio/magnetometer/built-in.a
  AR      drivers/iio/common/built-in.a
  CC      drivers/firmware/efi/efi-init.o
  AR      drivers/iio/imu/inv_mpu6050/built-in.a
  AR      drivers/iio/orientation/built-in.a
  AR      drivers/iio/multiplexer/built-in.a
  AR      drivers/iio/position/built-in.a
  CC      drivers/hid/hid-uclogic-rdesc.o
  AR      drivers/iio/imu/st_lsm6dsx/built-in.a
  CC      drivers/hid/hid-uclogic-params.o
  AR      drivers/iio/potentiometer/built-in.a
  CC      drivers/hid/wacom_wac.o
  CC      drivers/powercap/powercap_sys.o
  AR      drivers/iio/imu/built-in.a
  CC      drivers/firmware/efi/arm-runtime.o
  CC      drivers/firmware/efi/earlycon.o
  CC      drivers/hid/wacom_sys.o
  CC      drivers/hid/hid-wiimote-core.o
  CC      drivers/hid/hid-wiimote-modules.o
  CC      drivers/hid/hid-wiimote-debug.o
  AR      drivers/iio/potentiostat/built-in.a
  AR      drivers/iio/pressure/built-in.a
  AR      drivers/iio/proximity/built-in.a
  AR      drivers/iio/resolver/built-in.a
  CC      drivers/ras/ras.o
  AR      drivers/iio/temperature/built-in.a
  AR      drivers/iio/trigger/built-in.a
  CC      drivers/ras/debugfs.o
  CC [M]  drivers/iio/goodix_health/gh_platform.o
  AR      drivers/hwtracing/intel_th/built-in.a
  CC [M]  drivers/iio/goodix_health/gh_common.o
  CC      drivers/iio/industrialio-core.o
  CC      drivers/android/binderfs.o
  CC      drivers/nvmem/core.o
  CC      drivers/gnss/core.o
  AR      drivers/firmware/efi/built-in.a
  AR      drivers/powercap/built-in.a
  CC      drivers/android/binder.o
  AR      drivers/firmware/built-in.a
  AR      drivers/perf/built-in.a
  CC [M]  drivers/iio/goodix_health/gh_bus_access.o
  CC      drivers/interconnect/core.o
  CC      drivers/android/binder_alloc.o
  AR      drivers/hid/built-in.a
  CC      drivers/android/debug_symbols.o
  CC      drivers/android/vendor_hooks.o
  CC [M]  drivers/nvmem/qfprom.o
  CC      drivers/iio/industrialio-event.o
  CC [M]  drivers/nvmem/qcom-spmi-sdam.o
  AR      drivers/gnss/built-in.a
  CC [M]  drivers/mtd/parsers/ofpart.o
  AR      drivers/ras/built-in.a
  CC [M]  drivers/mtd/chips/chipreg.o
  AR      drivers/nvmem/built-in.a
  CC [M]  drivers/slimbus/core.o
  CC [M]  drivers/iio/goodix_health/gh_customer.o
  AR [M]  drivers/nvmem/nvmem_qfprom.o
  AR [M]  drivers/nvmem/nvmem_qcom-spmi-sdam.o
  CC [M]  drivers/mtd/devices/block2mtd.o
  CC [M]  drivers/hwmon/hwmon.o
  CC      drivers/interconnect/bulk.o
  CC [M]  drivers/slimbus/messaging.o
  CC      drivers/iio/inkern.o
  CC      drivers/iio/industrialio-buffer.o
  CC      drivers/iio/industrialio-trigger.o
  AR      kernel/trace/built-in.a
  CC [M]  drivers/hwtracing/coresight/coresight-core.o
  CC [M]  drivers/slimbus/sched.o
  AR      drivers/interconnect/built-in.a
  AR [M]  drivers/iio/goodix_health/goodix_health.o
  CC [M]  drivers/mtd/mtdcore.o
  CC [M]  drivers/hwtracing/coresight/coresight-etm-perf.o
  CC [M]  drivers/mtd/mtdsuper.o
  CC [M]  drivers/mtd/mtdconcat.o
  CC [M]  drivers/hwtracing/stm/core.o
  CC [M]  drivers/hwtracing/stm/policy.o
  CC [M]  drivers/hwtracing/stm/p_basic.o
  CC [M]  drivers/slimbus/stream.o
  CC [M]  drivers/hwtracing/coresight/coresight-platform.o
  CC [M]  drivers/slimbus/qcom-ngd-ctrl.o
  CC [M]  drivers/hwtracing/stm/console.o
  CC [M]  drivers/mtd/mtdpart.o
  CC [M]  drivers/hwtracing/coresight/coresight-sysfs.o
  CC [M]  drivers/hwtracing/stm/ftrace.o
  AR [M]  drivers/hwtracing/stm/stm_core.o
  CC [M]  drivers/mtd/mtdchar.o
  AR [M]  drivers/hwtracing/stm/stm_p_basic.o
  CC [M]  drivers/mtd/mtd_blkdevs.o
  CC [M]  drivers/hwtracing/coresight/coresight-tmc-core.o
  CC [M]  drivers/mtd/mtdblock.o
  CC [M]  drivers/mtd/mtdoops.o
  AR [M]  drivers/slimbus/slimbus.o
  AR      drivers/iio/built-in.a
  AR [M]  drivers/hwtracing/stm/stm_console.o
  AR [M]  drivers/slimbus/slim-qcom-ngd-ctrl.o
  AR [M]  drivers/hwtracing/stm/stm_ftrace.o
  CC      drivers/base/firmware_loader/fallback_table.o
  CC      drivers/base/firmware_loader/main.o
  CC      drivers/base/firmware_loader/fallback.o
  CC [M]  drivers/hwtracing/coresight/coresight-tmc-etf.o
  CC [M]  drivers/hwtracing/coresight/coresight-tmc-etr.o
  CC [M]  drivers/hwtracing/coresight/coresight-funnel.o
  CC [M]  drivers/hwtracing/coresight/coresight-replicator.o
  AR [M]  drivers/mtd/mtd.o
  CC [M]  drivers/hwtracing/coresight/coresight-stm.o
  CC [M]  drivers/hwtracing/coresight/coresight-cti-core.o
  CC [M]  drivers/hwtracing/coresight/coresight-cti-platform.o
  CC [M]  drivers/hwtracing/coresight/coresight-cti-sysfs.o
  AR [M]  drivers/hwtracing/coresight/coresight.o
  AR [M]  drivers/hwtracing/coresight/coresight-tmc.o
  AR [M]  drivers/hwtracing/coresight/coresight-cti.o
  AR      drivers/android/built-in.a
  AR      drivers/base/firmware_loader/built-in.a
  AR      drivers/base/built-in.a
  AR      drivers/built-in.a
  CC      kernel/kheaders.o
  AR      kernel/built-in.a
  GEN     .version
  CHK     include/generated/compile.h
  UPD     include/generated/compile.h
  CC      init/version.o
  AR      init/built-in.a
  GEN     .tmp_initcalls.lds
  GEN     .tmp_symversions.lds
  LTO     vmlinux.o
  MODPOST vmlinux.symvers
  MODINFO modules.builtin.modinfo
  GEN     modules.builtin
  LD      .tmp_vmlinux.kallsyms1
  KSYMS   .tmp_vmlinux.kallsyms1.S
  AS      .tmp_vmlinux.kallsyms1.S
  LD      .tmp_vmlinux.kallsyms2
  KSYMS   .tmp_vmlinux.kallsyms2.S
  AS      .tmp_vmlinux.kallsyms2.S
  LD      vmlinux
  SORTTAB vmlinux
  SYSMAP  System.map
  OBJCOPY arch/arm64/boot/Image
  LTO [M] crypto/lzo-rle.lto.o
  LTO [M] crypto/lzo.lto.o
  LTO [M] drivers/base/regmap/regmap-spmi.lto.o
  LTO [M] drivers/block/zram/zram.lto.o
  LTO [M] drivers/bus/mhi/host/mhi.lto.o
  LTO [M] drivers/clk/qcom/clk-qcom.lto.o
  LTO [M] drivers/clk/qcom/clk-rpmh.lto.o
  LTO [M] drivers/cpufreq/qcom-cpufreq-hw.lto.o
  LTO [M] drivers/dma/qcom/bam_dma.lto.o
  LTO [M] drivers/edac/qcom_edac.lto.o
  LTO [M] drivers/firmware/qcom-scm.lto.o
  LTO [M] drivers/hwmon/hwmon.lto.o
  LTO [M] drivers/hwspinlock/qcom_hwspinlock.lto.o
  LTO [M] drivers/hwtracing/coresight/coresight-cti.lto.o
  LTO [M] drivers/hwtracing/coresight/coresight-funnel.lto.o
  LTO [M] drivers/hwtracing/coresight/coresight-replicator.lto.o
  LTO [M] drivers/hwtracing/coresight/coresight-stm.lto.o
  LTO [M] drivers/hwtracing/coresight/coresight-tmc.lto.o
  LTO [M] drivers/hwtracing/coresight/coresight.lto.o
  LTO [M] drivers/hwtracing/stm/stm_console.lto.o
  LTO [M] drivers/hwtracing/stm/stm_core.lto.o
  LTO [M] drivers/hwtracing/stm/stm_ftrace.lto.o
  LTO [M] drivers/hwtracing/stm/stm_p_basic.lto.o
  LTO [M] drivers/iio/adc/qcom-spmi-adc5.lto.o
  LTO [M] drivers/iio/adc/qcom-vadc-common.lto.o
  LTO [M] drivers/iio/goodix_health/goodix_health.lto.o
  LTO [M] drivers/input/fingerprint/goodix_fod/goodix_fod.lto.o
  LTO [M] drivers/input/misc/aw86927_haptic/aw8697-haptic.lto.o
  LTO [M] drivers/input/misc/pm8941-pwrkey.lto.o
  LTO [M] drivers/input/touchscreen/atmel_mxt_ts.lto.o
  LTO [M] drivers/input/touchscreen/fts_spi/fts_touch_spi.lto.o
  LTO [M] drivers/input/touchscreen/xiaomi/xiaomi_touch.lto.o
  LTO [M] drivers/iommu/arm/arm-smmu/arm_smmu.lto.o
  LTO [M] drivers/irqchip/qcom-pdc.lto.o
  LTO [M] drivers/media/rc/ir-spi.lto.o
  LTO [M] drivers/mfd/qcom-spmi-pmic.lto.o
  LTO [M] drivers/misc/hwid/hwid.lto.o
  LTO [M] drivers/mmc/host/cqhci.lto.o
  LTO [M] drivers/mmc/host/sdhci-msm.lto.o
  LTO [M] drivers/mtd/chips/chipreg.lto.o
  LTO [M] drivers/mtd/devices/block2mtd.lto.o
  LTO [M] drivers/mtd/mtd.lto.o
  LTO [M] drivers/mtd/mtd_blkdevs.lto.o
  GZIP    arch/arm64/boot/Image.gz
  LTO [M] drivers/mtd/mtdblock.lto.o
  LTO [M] drivers/mtd/mtdoops.lto.o
  LTO [M] drivers/mtd/parsers/ofpart.lto.o
  LTO [M] drivers/net/usb/asix.lto.o
  LTO [M] drivers/net/usb/ax88179_178a.lto.o
  LTO [M] drivers/nvmem/nvmem_qcom-spmi-sdam.lto.o
  LTO [M] drivers/nvmem/nvmem_qfprom.lto.o
  LTO [M] drivers/pinctrl/qcom/pinctrl-spmi-gpio.lto.o
  LTO [M] drivers/pinctrl/qcom/pinctrl-spmi-mpp.lto.o
  LTO [M] drivers/power/reset/qcom-pon.lto.o
  LTO [M] drivers/power/reset/reboot-mode.lto.o
  LTO [M] drivers/remoteproc/qcom_common.lto.o
  LTO [M] drivers/remoteproc/qcom_pil_info.lto.o
  LTO [M] drivers/remoteproc/qcom_q6v5.lto.o
  LTO [M] drivers/remoteproc/qcom_q6v5_pas.lto.o
  LTO [M] drivers/remoteproc/qcom_sysmon.lto.o
  LTO [M] drivers/rpmsg/qcom_glink.lto.o
  LTO [M] drivers/rpmsg/qcom_glink_smem.lto.o
  LTO [M] drivers/rpmsg/qcom_smd.lto.o
  LTO [M] drivers/rtc/rtc-pm8xxx.lto.o
  LTO [M] drivers/scsi/sg.lto.o
  LTO [M] drivers/scsi/ufs/ufs_qcom.lto.o
  LTO [M] drivers/slimbus/slim-qcom-ngd-ctrl.lto.o
  LTO [M] drivers/slimbus/slimbus.lto.o
  LTO [M] drivers/soc/qcom/cmd-db.lto.o
  LTO [M] drivers/soc/qcom/llcc-qcom.lto.o
  LTO [M] drivers/soc/qcom/mdt_loader.lto.o
  LTO [M] drivers/soc/qcom/qcom_aoss.lto.o
  LTO [M] drivers/soc/qcom/qcom_rpmh.lto.o
  LTO [M] drivers/soc/qcom/qmi_helpers.lto.o
  LTO [M] drivers/soc/qcom/smem.lto.o
  LTO [M] drivers/soc/qcom/smp2p.lto.o
  LTO [M] drivers/soc/qcom/socinfo.lto.o
  LTO [M] drivers/spmi/spmi-pmic-arb.lto.o
  LTO [M] drivers/thermal/qcom/qcom-spmi-temp-alarm.lto.o
  LTO [M] drivers/thermal/qcom/qcom_tsens.lto.o
  LTO [M] drivers/usb/misc/ehset.lto.o
  LTO [M] drivers/usb/misc/lvstest.lto.o
  LTO [M] drivers/usb/phy/phy-generic.lto.o
  LTO [M] mm/zsmalloc.lto.o
  LTO [M] net/mac80211/mac80211.lto.o
  LTO [M] net/qrtr/qrtr-mhi.lto.o
  LTO [M] net/qrtr/qrtr-smd.lto.o
  LTO [M] net/qrtr/qrtr.lto.o
  LTO [M] net/wireless/cfg80211.lto.o
  MODPOST modules-only.symvers
  GEN     Module.symvers
  CC [M]  crypto/lzo-rle.mod.o
  CC [M]  crypto/lzo.mod.o
  CC [M]  drivers/base/regmap/regmap-spmi.mod.o
  CC [M]  drivers/block/zram/zram.mod.o
  CC [M]  drivers/bus/mhi/host/mhi.mod.o
  CC [M]  drivers/clk/qcom/clk-qcom.mod.o
  CC [M]  drivers/clk/qcom/clk-rpmh.mod.o
  CC [M]  drivers/cpufreq/qcom-cpufreq-hw.mod.o
  CC [M]  drivers/dma/qcom/bam_dma.mod.o
  CC [M]  drivers/edac/qcom_edac.mod.o
  CC [M]  drivers/firmware/qcom-scm.mod.o
  CC [M]  drivers/hwmon/hwmon.mod.o
  CC [M]  drivers/hwspinlock/qcom_hwspinlock.mod.o
  CC [M]  drivers/hwtracing/coresight/coresight-cti.mod.o
  CC [M]  drivers/hwtracing/coresight/coresight-funnel.mod.o
  CC [M]  drivers/hwtracing/coresight/coresight-replicator.mod.o
  CC [M]  drivers/hwtracing/coresight/coresight-stm.mod.o
  CC [M]  drivers/hwtracing/coresight/coresight-tmc.mod.o
  CC [M]  drivers/hwtracing/coresight/coresight.mod.o
  CC [M]  drivers/hwtracing/stm/stm_console.mod.o
  CC [M]  drivers/hwtracing/stm/stm_core.mod.o
  CC [M]  drivers/hwtracing/stm/stm_ftrace.mod.o
  CC [M]  drivers/hwtracing/stm/stm_p_basic.mod.o
  CC [M]  drivers/iio/adc/qcom-spmi-adc5.mod.o
  CC [M]  drivers/iio/adc/qcom-vadc-common.mod.o
  CC [M]  drivers/iio/goodix_health/goodix_health.mod.o
  CC [M]  drivers/input/fingerprint/goodix_fod/goodix_fod.mod.o
  CC [M]  drivers/input/misc/aw86927_haptic/aw8697-haptic.mod.o
  CC [M]  drivers/input/misc/pm8941-pwrkey.mod.o
  CC [M]  drivers/input/touchscreen/atmel_mxt_ts.mod.o
  CC [M]  drivers/input/touchscreen/fts_spi/fts_touch_spi.mod.o
  CC [M]  drivers/input/touchscreen/xiaomi/xiaomi_touch.mod.o
  CC [M]  drivers/iommu/arm/arm-smmu/arm_smmu.mod.o
  CC [M]  drivers/irqchip/qcom-pdc.mod.o
  CC [M]  drivers/media/rc/ir-spi.mod.o
  CC [M]  drivers/mfd/qcom-spmi-pmic.mod.o
  CC [M]  drivers/misc/hwid/hwid.mod.o
  CC [M]  drivers/mmc/host/cqhci.mod.o
  CC [M]  drivers/mmc/host/sdhci-msm.mod.o
  CC [M]  drivers/mtd/chips/chipreg.mod.o
  CC [M]  drivers/mtd/devices/block2mtd.mod.o
  CC [M]  drivers/mtd/mtd.mod.o
  CC [M]  drivers/mtd/mtd_blkdevs.mod.o
  CC [M]  drivers/mtd/mtdblock.mod.o
  CC [M]  drivers/mtd/mtdoops.mod.o
  CC [M]  drivers/mtd/parsers/ofpart.mod.o
  CC [M]  drivers/net/usb/asix.mod.o
  CC [M]  drivers/net/usb/ax88179_178a.mod.o
  CC [M]  drivers/nvmem/nvmem_qcom-spmi-sdam.mod.o
  CC [M]  drivers/nvmem/nvmem_qfprom.mod.o
  CC [M]  drivers/pinctrl/qcom/pinctrl-spmi-gpio.mod.o
  CC [M]  drivers/pinctrl/qcom/pinctrl-spmi-mpp.mod.o
  CC [M]  drivers/power/reset/qcom-pon.mod.o
  CC [M]  drivers/power/reset/reboot-mode.mod.o
  CC [M]  drivers/remoteproc/qcom_common.mod.o
  CC [M]  drivers/remoteproc/qcom_pil_info.mod.o
  CC [M]  drivers/remoteproc/qcom_q6v5.mod.o
  CC [M]  drivers/remoteproc/qcom_q6v5_pas.mod.o
  CC [M]  drivers/remoteproc/qcom_sysmon.mod.o
  CC [M]  drivers/rpmsg/qcom_glink.mod.o
  CC [M]  drivers/rpmsg/qcom_glink_smem.mod.o
  CC [M]  drivers/rpmsg/qcom_smd.mod.o
  CC [M]  drivers/rtc/rtc-pm8xxx.mod.o
  CC [M]  drivers/scsi/sg.mod.o
  CC [M]  drivers/scsi/ufs/ufs_qcom.mod.o
  CC [M]  drivers/slimbus/slim-qcom-ngd-ctrl.mod.o
  CC [M]  drivers/slimbus/slimbus.mod.o
  CC [M]  drivers/soc/qcom/cmd-db.mod.o
  CC [M]  drivers/soc/qcom/llcc-qcom.mod.o
  CC [M]  drivers/soc/qcom/mdt_loader.mod.o
  CC [M]  drivers/soc/qcom/qcom_aoss.mod.o
  CC [M]  drivers/soc/qcom/qcom_rpmh.mod.o
  CC [M]  drivers/soc/qcom/qmi_helpers.mod.o
  CC [M]  drivers/soc/qcom/smem.mod.o
  CC [M]  drivers/soc/qcom/smp2p.mod.o
  CC [M]  drivers/soc/qcom/socinfo.mod.o
  CC [M]  drivers/spmi/spmi-pmic-arb.mod.o
  CC [M]  drivers/thermal/qcom/qcom-spmi-temp-alarm.mod.o
  CC [M]  drivers/thermal/qcom/qcom_tsens.mod.o
  CC [M]  drivers/usb/misc/ehset.mod.o
  CC [M]  drivers/usb/misc/lvstest.mod.o
  CC [M]  drivers/usb/phy/phy-generic.mod.o
  CC [M]  mm/zsmalloc.mod.o
  CC [M]  net/mac80211/mac80211.mod.o
  CC [M]  net/qrtr/qrtr-mhi.mod.o
  CC [M]  net/qrtr/qrtr-smd.mod.o
  CC [M]  net/qrtr/qrtr.mod.o
  CC [M]  net/wireless/cfg80211.mod.o
  LD [M]  crypto/lzo-rle.ko
  LD [M]  crypto/lzo.ko
  LD [M]  drivers/base/regmap/regmap-spmi.ko
  LD [M]  drivers/block/zram/zram.ko
  LD [M]  drivers/bus/mhi/host/mhi.ko
  LD [M]  drivers/clk/qcom/clk-qcom.ko
  LD [M]  drivers/clk/qcom/clk-rpmh.ko
  LD [M]  drivers/cpufreq/qcom-cpufreq-hw.ko
  LD [M]  drivers/dma/qcom/bam_dma.ko
  LD [M]  drivers/edac/qcom_edac.ko
  LD [M]  drivers/firmware/qcom-scm.ko
  LD [M]  drivers/hwmon/hwmon.ko
  LD [M]  drivers/hwspinlock/qcom_hwspinlock.ko
  LD [M]  drivers/hwtracing/coresight/coresight-cti.ko
  LD [M]  drivers/hwtracing/coresight/coresight-funnel.ko
  LD [M]  drivers/hwtracing/coresight/coresight-replicator.ko
  LD [M]  drivers/hwtracing/coresight/coresight-stm.ko
  LD [M]  drivers/hwtracing/coresight/coresight-tmc.ko
  LD [M]  drivers/hwtracing/coresight/coresight.ko
  LD [M]  drivers/hwtracing/stm/stm_console.ko
  LD [M]  drivers/hwtracing/stm/stm_core.ko
  LD [M]  drivers/hwtracing/stm/stm_ftrace.ko
  LD [M]  drivers/hwtracing/stm/stm_p_basic.ko
  LD [M]  drivers/iio/adc/qcom-spmi-adc5.ko
  LD [M]  drivers/iio/adc/qcom-vadc-common.ko
  LD [M]  drivers/input/fingerprint/goodix_fod/goodix_fod.ko
  LD [M]  drivers/iio/goodix_health/goodix_health.ko
  LD [M]  drivers/input/misc/aw86927_haptic/aw8697-haptic.ko
  LD [M]  drivers/input/misc/pm8941-pwrkey.ko
  LD [M]  drivers/input/touchscreen/atmel_mxt_ts.ko
  LD [M]  drivers/input/touchscreen/fts_spi/fts_touch_spi.ko
  LD [M]  drivers/input/touchscreen/xiaomi/xiaomi_touch.ko
  LD [M]  drivers/iommu/arm/arm-smmu/arm_smmu.ko
  LD [M]  drivers/irqchip/qcom-pdc.ko
  LD [M]  drivers/media/rc/ir-spi.ko
  LD [M]  drivers/mfd/qcom-spmi-pmic.ko
  LD [M]  drivers/misc/hwid/hwid.ko
  LD [M]  drivers/mmc/host/cqhci.ko
  LD [M]  drivers/mmc/host/sdhci-msm.ko
  LD [M]  drivers/mtd/chips/chipreg.ko
  LD [M]  drivers/mtd/devices/block2mtd.ko
  LD [M]  drivers/mtd/mtd.ko
  LD [M]  drivers/mtd/mtd_blkdevs.ko
  LD [M]  drivers/mtd/mtdblock.ko
  LD [M]  drivers/mtd/mtdoops.ko
  LD [M]  drivers/mtd/parsers/ofpart.ko
  LD [M]  drivers/net/usb/asix.ko
  LD [M]  drivers/net/usb/ax88179_178a.ko
  LD [M]  drivers/nvmem/nvmem_qcom-spmi-sdam.ko
  LD [M]  drivers/nvmem/nvmem_qfprom.ko
  LD [M]  drivers/pinctrl/qcom/pinctrl-spmi-gpio.ko
  LD [M]  drivers/pinctrl/qcom/pinctrl-spmi-mpp.ko
  LD [M]  drivers/power/reset/qcom-pon.ko
  LD [M]  drivers/power/reset/reboot-mode.ko
  LD [M]  drivers/remoteproc/qcom_common.ko
  LD [M]  drivers/remoteproc/qcom_pil_info.ko
  LD [M]  drivers/remoteproc/qcom_q6v5.ko
  LD [M]  drivers/remoteproc/qcom_q6v5_pas.ko
  LD [M]  drivers/remoteproc/qcom_sysmon.ko
  LD [M]  drivers/rpmsg/qcom_glink.ko
  LD [M]  drivers/rpmsg/qcom_glink_smem.ko
  LD [M]  drivers/rpmsg/qcom_smd.ko
  LD [M]  drivers/rtc/rtc-pm8xxx.ko
  LD [M]  drivers/scsi/sg.ko
  LD [M]  drivers/scsi/ufs/ufs_qcom.ko
  LD [M]  drivers/slimbus/slim-qcom-ngd-ctrl.ko
  LD [M]  drivers/slimbus/slimbus.ko
  LD [M]  drivers/soc/qcom/cmd-db.ko
  LD [M]  drivers/soc/qcom/llcc-qcom.ko
  LD [M]  drivers/soc/qcom/mdt_loader.ko
  LD [M]  drivers/soc/qcom/qcom_aoss.ko
  LD [M]  drivers/soc/qcom/qcom_rpmh.ko
  LD [M]  drivers/soc/qcom/qmi_helpers.ko
  LD [M]  drivers/soc/qcom/smem.ko
  LD [M]  drivers/soc/qcom/smp2p.ko
  LD [M]  drivers/soc/qcom/socinfo.ko
  LD [M]  drivers/spmi/spmi-pmic-arb.ko
  LD [M]  drivers/thermal/qcom/qcom-spmi-temp-alarm.ko
  LD [M]  drivers/thermal/qcom/qcom_tsens.ko
  LD [M]  drivers/usb/misc/ehset.ko
  LD [M]  drivers/usb/misc/lvstest.ko
  LD [M]  drivers/usb/phy/phy-generic.ko
  LD [M]  mm/zsmalloc.ko
  LD [M]  net/mac80211/mac80211.ko
  LD [M]  net/qrtr/qrtr-mhi.ko
  LD [M]  net/qrtr/qrtr-smd.ko
  LD [M]  net/qrtr/qrtr.ko
  LD [M]  net/wireless/cfg80211.ko
make[1]: выход из каталога «/home/fauxly/android_kernel_xiaomi_sm8475/out»
